<?xml version="1.0" encoding="UTF-8"?>
<!-- Generated by org.testng.reporters.JUnitReportReporter -->
<testsuite hostname="DESKTOP-33C0BU9" failures="0" tests="5" name="parallel.ParallelRun" time="128.726" errors="0" timestamp="2024-08-08T09:09:45 IST" skipped="0">
  <testcase classname="parallel.ParallelRun" name="runScenario" time="22.151"/>
  <testcase classname="parallel.ParallelRun" name="runScenario" time="30.215"/>
  <testcase classname="parallel.ParallelRun" name="runScenario" time="31.108"/>
  <testcase classname="parallel.ParallelRun" name="runScenario" time="19.212"/>
  <testcase classname="parallel.ParallelRun" name="runScenario" time="26.040"/>
</testsuite> <!-- parallel.ParallelRun -->
